\BOOKMARK [0][-]{chapter.1}{\376\377\000H\000i\000e\000r\000a\000r\000c\000h\000i\000c\000a\000l\000\040\000I\000n\000d\000e\000x}{}% 1
\BOOKMARK [1][-]{section.1.1}{\376\377\000C\000l\000a\000s\000s\000\040\000H\000i\000e\000r\000a\000r\000c\000h\000y}{chapter.1}% 2
\BOOKMARK [0][-]{chapter.2}{\376\377\000C\000l\000a\000s\000s\000\040\000I\000n\000d\000e\000x}{}% 3
\BOOKMARK [1][-]{section.2.1}{\376\377\000C\000l\000a\000s\000s\000\040\000L\000i\000s\000t}{chapter.2}% 4
\BOOKMARK [0][-]{chapter.3}{\376\377\000F\000i\000l\000e\000\040\000I\000n\000d\000e\000x}{}% 5
\BOOKMARK [1][-]{section.3.1}{\376\377\000F\000i\000l\000e\000\040\000L\000i\000s\000t}{chapter.3}% 6
\BOOKMARK [0][-]{chapter.4}{\376\377\000C\000l\000a\000s\000s\000\040\000D\000o\000c\000u\000m\000e\000n\000t\000a\000t\000i\000o\000n}{}% 7
\BOOKMARK [1][-]{section.4.1}{\376\377\000D\000e\000t\000e\000c\000t\000o\000r\000C\000o\000n\000s\000t\000r\000u\000c\000t\000i\000o\000n\000\040\000C\000l\000a\000s\000s\000\040\000R\000e\000f\000e\000r\000e\000n\000c\000e}{chapter.4}% 8
\BOOKMARK [2][-]{subsection.4.1.1}{\376\377\000D\000e\000t\000a\000i\000l\000e\000d\000\040\000D\000e\000s\000c\000r\000i\000p\000t\000i\000o\000n}{section.4.1}% 9
\BOOKMARK [2][-]{subsection.4.1.2}{\376\377\000C\000o\000n\000s\000t\000r\000u\000c\000t\000o\000r\000\040\000\046\000\040\000D\000e\000s\000t\000r\000u\000c\000t\000o\000r\000\040\000D\000o\000c\000u\000m\000e\000n\000t\000a\000t\000i\000o\000n}{section.4.1}% 10
\BOOKMARK [3][-]{subsubsection.4.1.2.1}{\376\377\000D\000e\000t\000e\000c\000t\000o\000r\000C\000o\000n\000s\000t\000r\000u\000c\000t\000i\000o\000n}{subsection.4.1.2}% 11
\BOOKMARK [3][-]{subsubsection.4.1.2.2}{\376\377\000D\000e\000t\000e\000c\000t\000o\000r\000C\000o\000n\000s\000t\000r\000u\000c\000t\000i\000o\000n}{subsection.4.1.2}% 12
\BOOKMARK [2][-]{subsection.4.1.3}{\376\377\000M\000e\000m\000b\000e\000r\000\040\000F\000u\000n\000c\000t\000i\000o\000n\000\040\000D\000o\000c\000u\000m\000e\000n\000t\000a\000t\000i\000o\000n}{section.4.1}% 13
\BOOKMARK [3][-]{subsubsection.4.1.3.1}{\376\377\000C\000o\000n\000s\000t\000r\000u\000c\000t}{subsection.4.1.3}% 14
\BOOKMARK [3][-]{subsubsection.4.1.3.2}{\376\377\000g\000e\000t\000C\000u\000b\000e}{subsection.4.1.3}% 15
\BOOKMARK [3][-]{subsubsection.4.1.3.3}{\376\377\000g\000e\000t\000W\000o\000r\000d\000V\000o\000l\000u\000m\000e}{subsection.4.1.3}% 16
\BOOKMARK [1][-]{section.4.2}{\376\377\000M\000y\000M\000a\000t\000e\000r\000i\000a\000l\000\040\000C\000l\000a\000s\000s\000\040\000R\000e\000f\000e\000r\000e\000n\000c\000e}{chapter.4}% 17
\BOOKMARK [2][-]{subsection.4.2.1}{\376\377\000D\000e\000t\000a\000i\000l\000e\000d\000\040\000D\000e\000s\000c\000r\000i\000p\000t\000i\000o\000n}{section.4.2}% 18
\BOOKMARK [2][-]{subsection.4.2.2}{\376\377\000C\000o\000n\000s\000t\000r\000u\000c\000t\000o\000r\000\040\000\046\000\040\000D\000e\000s\000t\000r\000u\000c\000t\000o\000r\000\040\000D\000o\000c\000u\000m\000e\000n\000t\000a\000t\000i\000o\000n}{section.4.2}% 19
\BOOKMARK [3][-]{subsubsection.4.2.2.1}{\376\377\000M\000y\000M\000a\000t\000e\000r\000i\000a\000l}{subsection.4.2.2}% 20
\BOOKMARK [3][-]{subsubsection.4.2.2.2}{\376\377\000M\000y\000M\000a\000t\000e\000r\000i\000a\000l}{subsection.4.2.2}% 21
\BOOKMARK [2][-]{subsection.4.2.3}{\376\377\000M\000e\000m\000b\000e\000r\000\040\000F\000u\000n\000c\000t\000i\000o\000n\000\040\000D\000o\000c\000u\000m\000e\000n\000t\000a\000t\000i\000o\000n}{section.4.2}% 22
\BOOKMARK [3][-]{subsubsection.4.2.3.1}{\376\377\000g\000e\000t\000A\000i\000r}{subsection.4.2.3}% 23
\BOOKMARK [3][-]{subsubsection.4.2.3.2}{\376\377\000g\000e\000t\000A\000r\000g\000o\000n\000G\000a\000s}{subsection.4.2.3}% 24
\BOOKMARK [3][-]{subsubsection.4.2.3.3}{\376\377\000g\000e\000t\000P\000b}{subsection.4.2.3}% 25
\BOOKMARK [3][-]{subsubsection.4.2.3.4}{\376\377\000g\000e\000t\000W\000a\000t\000e\000r}{subsection.4.2.3}% 26
\BOOKMARK [1][-]{section.4.3}{\376\377\000M\000y\000R\000a\000n\000d\000o\000m\000\040\000C\000l\000a\000s\000s\000\040\000R\000e\000f\000e\000r\000e\000n\000c\000e}{chapter.4}% 27
\BOOKMARK [2][-]{subsection.4.3.1}{\376\377\000D\000e\000t\000a\000i\000l\000e\000d\000\040\000D\000e\000s\000c\000r\000i\000p\000t\000i\000o\000n}{section.4.3}% 28
\BOOKMARK [2][-]{subsection.4.3.2}{\376\377\000C\000o\000n\000s\000t\000r\000u\000c\000t\000o\000r\000\040\000\046\000\040\000D\000e\000s\000t\000r\000u\000c\000t\000o\000r\000\040\000D\000o\000c\000u\000m\000e\000n\000t\000a\000t\000i\000o\000n}{section.4.3}% 29
\BOOKMARK [3][-]{subsubsection.4.3.2.1}{\376\377\000M\000y\000R\000a\000n\000d\000o\000m}{subsection.4.3.2}% 30
\BOOKMARK [3][-]{subsubsection.4.3.2.2}{\376\377\000M\000y\000R\000a\000n\000d\000o\000m}{subsection.4.3.2}% 31
\BOOKMARK [2][-]{subsection.4.3.3}{\376\377\000M\000e\000m\000b\000e\000r\000\040\000F\000u\000n\000c\000t\000i\000o\000n\000\040\000D\000o\000c\000u\000m\000e\000n\000t\000a\000t\000i\000o\000n}{section.4.3}% 32
\BOOKMARK [3][-]{subsubsection.4.3.3.1}{\376\377\000g\000e\000t\000R\000a\000n\000d\000o\000m\000N\000u\000m\000b\000e\000r}{subsection.4.3.3}% 33
\BOOKMARK [1][-]{section.4.4}{\376\377\000P\000h\000y\000s\000i\000c\000s\000L\000i\000s\000t\000\040\000C\000l\000a\000s\000s\000\040\000R\000e\000f\000e\000r\000e\000n\000c\000e}{chapter.4}% 34
\BOOKMARK [2][-]{subsection.4.4.1}{\376\377\000D\000e\000t\000a\000i\000l\000e\000d\000\040\000D\000e\000s\000c\000r\000i\000p\000t\000i\000o\000n}{section.4.4}% 35
\BOOKMARK [2][-]{subsection.4.4.2}{\376\377\000C\000o\000n\000s\000t\000r\000u\000c\000t\000o\000r\000\040\000\046\000\040\000D\000e\000s\000t\000r\000u\000c\000t\000o\000r\000\040\000D\000o\000c\000u\000m\000e\000n\000t\000a\000t\000i\000o\000n}{section.4.4}% 36
\BOOKMARK [3][-]{subsubsection.4.4.2.1}{\376\377\000P\000h\000y\000s\000i\000c\000s\000L\000i\000s\000t}{subsection.4.4.2}% 37
\BOOKMARK [3][-]{subsubsection.4.4.2.2}{\376\377\000P\000h\000y\000s\000i\000c\000s\000L\000i\000s\000t}{subsection.4.4.2}% 38
\BOOKMARK [3][-]{subsubsection.4.4.2.3}{\376\377\000P\000h\000y\000s\000i\000c\000s\000L\000i\000s\000t}{subsection.4.4.2}% 39
\BOOKMARK [3][-]{subsubsection.4.4.2.4}{\376\377\000P\000h\000y\000s\000i\000c\000s\000L\000i\000s\000t}{subsection.4.4.2}% 40
\BOOKMARK [2][-]{subsection.4.4.3}{\376\377\000M\000e\000m\000b\000e\000r\000\040\000F\000u\000n\000c\000t\000i\000o\000n\000\040\000D\000o\000c\000u\000m\000e\000n\000t\000a\000t\000i\000o\000n}{section.4.4}% 41
\BOOKMARK [3][-]{subsubsection.4.4.3.1}{\376\377\000A\000d\000d\000S\000t\000e\000p\000M\000a\000x}{subsection.4.4.3}% 42
\BOOKMARK [3][-]{subsubsection.4.4.3.2}{\376\377\000C\000o\000n\000s\000t\000r\000u\000c\000t\000B\000a\000r\000y\000o\000n\000s}{subsection.4.4.3}% 43
\BOOKMARK [3][-]{subsubsection.4.4.3.3}{\376\377\000C\000o\000n\000s\000t\000r\000u\000c\000t\000B\000o\000s\000o\000n\000s}{subsection.4.4.3}% 44
\BOOKMARK [3][-]{subsubsection.4.4.3.4}{\376\377\000C\000o\000n\000s\000t\000r\000u\000c\000t\000E\000M}{subsection.4.4.3}% 45
\BOOKMARK [3][-]{subsubsection.4.4.3.5}{\376\377\000C\000o\000n\000s\000t\000r\000u\000c\000t\000G\000e\000n\000e\000r\000a\000l}{subsection.4.4.3}% 46
\BOOKMARK [3][-]{subsubsection.4.4.3.6}{\376\377\000C\000o\000n\000s\000t\000r\000u\000c\000t\000L\000e\000p\000t\000o\000n\000s}{subsection.4.4.3}% 47
\BOOKMARK [3][-]{subsubsection.4.4.3.7}{\376\377\000C\000o\000n\000s\000t\000r\000u\000c\000t\000M\000e\000s\000o\000n\000s}{subsection.4.4.3}% 48
\BOOKMARK [3][-]{subsubsection.4.4.3.8}{\376\377\000C\000o\000n\000s\000t\000r\000u\000c\000t\000P\000a\000r\000t\000i\000c\000l\000e}{subsection.4.4.3}% 49
\BOOKMARK [3][-]{subsubsection.4.4.3.9}{\376\377\000C\000o\000n\000s\000t\000r\000u\000c\000t\000P\000a\000r\000t\000i\000c\000l\000e}{subsection.4.4.3}% 50
\BOOKMARK [3][-]{subsubsection.4.4.3.10}{\376\377\000C\000o\000n\000s\000t\000r\000u\000c\000t\000P\000r\000o\000c\000e\000s\000s}{subsection.4.4.3}% 51
\BOOKMARK [3][-]{subsubsection.4.4.3.11}{\376\377\000C\000o\000n\000s\000t\000r\000u\000c\000t\000P\000r\000o\000c\000e\000s\000s}{subsection.4.4.3}% 52
\BOOKMARK [3][-]{subsubsection.4.4.3.12}{\376\377\000S\000e\000t\000C\000u\000t\000s}{subsection.4.4.3}% 53
\BOOKMARK [3][-]{subsubsection.4.4.3.13}{\376\377\000S\000e\000t\000C\000u\000t\000s}{subsection.4.4.3}% 54
\BOOKMARK [1][-]{section.4.5}{\376\377\000P\000r\000i\000m\000a\000r\000y\000G\000e\000n\000e\000r\000a\000t\000o\000r\000A\000c\000t\000i\000o\000n\000\040\000C\000l\000a\000s\000s\000\040\000R\000e\000f\000e\000r\000e\000n\000c\000e}{chapter.4}% 55
\BOOKMARK [2][-]{subsection.4.5.1}{\376\377\000D\000e\000t\000a\000i\000l\000e\000d\000\040\000D\000e\000s\000c\000r\000i\000p\000t\000i\000o\000n}{section.4.5}% 56
\BOOKMARK [2][-]{subsection.4.5.2}{\376\377\000C\000o\000n\000s\000t\000r\000u\000c\000t\000o\000r\000\040\000\046\000\040\000D\000e\000s\000t\000r\000u\000c\000t\000o\000r\000\040\000D\000o\000c\000u\000m\000e\000n\000t\000a\000t\000i\000o\000n}{section.4.5}% 57
\BOOKMARK [3][-]{subsubsection.4.5.2.1}{\376\377\000P\000r\000i\000m\000a\000r\000y\000G\000e\000n\000e\000r\000a\000t\000o\000r\000A\000c\000t\000i\000o\000n}{subsection.4.5.2}% 58
\BOOKMARK [3][-]{subsubsection.4.5.2.2}{\376\377\000P\000r\000i\000m\000a\000r\000y\000G\000e\000n\000e\000r\000a\000t\000o\000r\000A\000c\000t\000i\000o\000n}{subsection.4.5.2}% 59
\BOOKMARK [2][-]{subsection.4.5.3}{\376\377\000M\000e\000m\000b\000e\000r\000\040\000F\000u\000n\000c\000t\000i\000o\000n\000\040\000D\000o\000c\000u\000m\000e\000n\000t\000a\000t\000i\000o\000n}{section.4.5}% 60
\BOOKMARK [3][-]{subsubsection.4.5.3.1}{\376\377\000G\000e\000n\000e\000r\000a\000t\000e\000P\000r\000i\000m\000a\000r\000i\000e\000s}{subsection.4.5.3}% 61
\BOOKMARK [1][-]{section.4.6}{\376\377\000R\000u\000n\000\040\000C\000l\000a\000s\000s\000\040\000R\000e\000f\000e\000r\000e\000n\000c\000e}{chapter.4}% 62
\BOOKMARK [2][-]{subsection.4.6.1}{\376\377\000D\000e\000t\000a\000i\000l\000e\000d\000\040\000D\000e\000s\000c\000r\000i\000p\000t\000i\000o\000n}{section.4.6}% 63
\BOOKMARK [2][-]{subsection.4.6.2}{\376\377\000C\000o\000n\000s\000t\000r\000u\000c\000t\000o\000r\000\040\000\046\000\040\000D\000e\000s\000t\000r\000u\000c\000t\000o\000r\000\040\000D\000o\000c\000u\000m\000e\000n\000t\000a\000t\000i\000o\000n}{section.4.6}% 64
\BOOKMARK [3][-]{subsubsection.4.6.2.1}{\376\377\000R\000u\000n}{subsection.4.6.2}% 65
\BOOKMARK [3][-]{subsubsection.4.6.2.2}{\376\377\000R\000u\000n}{subsection.4.6.2}% 66
\BOOKMARK [2][-]{subsection.4.6.3}{\376\377\000M\000e\000m\000b\000e\000r\000\040\000F\000u\000n\000c\000t\000i\000o\000n\000\040\000D\000o\000c\000u\000m\000e\000n\000t\000a\000t\000i\000o\000n}{section.4.6}% 67
\BOOKMARK [3][-]{subsubsection.4.6.3.1}{\376\377\000G\000e\000t\000T\000o\000t\000a\000l\000E\000n\000e\000r\000g\000y\000D\000e\000p\000o\000s\000i\000t\000e\000d}{subsection.4.6.3}% 68
\BOOKMARK [3][-]{subsubsection.4.6.3.2}{\376\377\000R\000e\000c\000o\000r\000d\000E\000v\000e\000n\000t}{subsection.4.6.3}% 69
\BOOKMARK [1][-]{section.4.7}{\376\377\000R\000u\000n\000A\000c\000t\000i\000o\000n\000\040\000C\000l\000a\000s\000s\000\040\000R\000e\000f\000e\000r\000e\000n\000c\000e}{chapter.4}% 70
\BOOKMARK [2][-]{subsection.4.7.1}{\376\377\000D\000e\000t\000a\000i\000l\000e\000d\000\040\000D\000e\000s\000c\000r\000i\000p\000t\000i\000o\000n}{section.4.7}% 71
\BOOKMARK [2][-]{subsection.4.7.2}{\376\377\000C\000o\000n\000s\000t\000r\000u\000c\000t\000o\000r\000\040\000\046\000\040\000D\000e\000s\000t\000r\000u\000c\000t\000o\000r\000\040\000D\000o\000c\000u\000m\000e\000n\000t\000a\000t\000i\000o\000n}{section.4.7}% 72
\BOOKMARK [3][-]{subsubsection.4.7.2.1}{\376\377\000R\000u\000n\000A\000c\000t\000i\000o\000n}{subsection.4.7.2}% 73
\BOOKMARK [3][-]{subsubsection.4.7.2.2}{\376\377\000R\000u\000n\000A\000c\000t\000i\000o\000n}{subsection.4.7.2}% 74
\BOOKMARK [2][-]{subsection.4.7.3}{\376\377\000M\000e\000m\000b\000e\000r\000\040\000F\000u\000n\000c\000t\000i\000o\000n\000\040\000D\000o\000c\000u\000m\000e\000n\000t\000a\000t\000i\000o\000n}{section.4.7}% 75
\BOOKMARK [3][-]{subsubsection.4.7.3.1}{\376\377\000B\000e\000g\000i\000n\000O\000f\000R\000u\000n\000A\000c\000t\000i\000o\000n}{subsection.4.7.3}% 76
\BOOKMARK [3][-]{subsubsection.4.7.3.2}{\376\377\000E\000n\000d\000O\000f\000R\000u\000n\000A\000c\000t\000i\000o\000n}{subsection.4.7.3}% 77
\BOOKMARK [3][-]{subsubsection.4.7.3.3}{\376\377\000G\000e\000n\000e\000r\000a\000t\000e\000R\000u\000n}{subsection.4.7.3}% 78
\BOOKMARK [1][-]{section.4.8}{\376\377\000T\000e\000s\000t\000e\000\040\000C\000l\000a\000s\000s\000\040\000R\000e\000f\000e\000r\000e\000n\000c\000e}{chapter.4}% 79
\BOOKMARK [2][-]{subsection.4.8.1}{\376\377\000D\000e\000t\000a\000i\000l\000e\000d\000\040\000D\000e\000s\000c\000r\000i\000p\000t\000i\000o\000n}{section.4.8}% 80
\BOOKMARK [2][-]{subsection.4.8.2}{\376\377\000C\000o\000n\000s\000t\000r\000u\000c\000t\000o\000r\000\040\000\046\000\040\000D\000e\000s\000t\000r\000u\000c\000t\000o\000r\000\040\000D\000o\000c\000u\000m\000e\000n\000t\000a\000t\000i\000o\000n}{section.4.8}% 81
\BOOKMARK [3][-]{subsubsection.4.8.2.1}{\376\377\000T\000e\000s\000t\000e}{subsection.4.8.2}% 82
\BOOKMARK [3][-]{subsubsection.4.8.2.2}{\376\377\000T\000e\000s\000t\000e}{subsection.4.8.2}% 83
\BOOKMARK [2][-]{subsection.4.8.3}{\376\377\000M\000e\000m\000b\000e\000r\000\040\000D\000a\000t\000a\000\040\000D\000o\000c\000u\000m\000e\000n\000t\000a\000t\000i\000o\000n}{section.4.8}% 84
\BOOKMARK [3][-]{subsubsection.4.8.3.1}{\376\377\000t\000e\000s\000t\000e}{subsection.4.8.3}% 85
\BOOKMARK [1][-]{section.4.9}{\376\377\000T\000e\000s\000t\000e\000D\000e\000t\000e\000c\000t\000o\000r\000C\000o\000n\000s\000t\000r\000u\000c\000t\000i\000o\000n\000\040\000C\000l\000a\000s\000s\000\040\000R\000e\000f\000e\000r\000e\000n\000c\000e}{chapter.4}% 86
\BOOKMARK [2][-]{subsection.4.9.1}{\376\377\000D\000e\000t\000a\000i\000l\000e\000d\000\040\000D\000e\000s\000c\000r\000i\000p\000t\000i\000o\000n}{section.4.9}% 87
\BOOKMARK [2][-]{subsection.4.9.2}{\376\377\000C\000o\000n\000s\000t\000r\000u\000c\000t\000o\000r\000\040\000\046\000\040\000D\000e\000s\000t\000r\000u\000c\000t\000o\000r\000\040\000D\000o\000c\000u\000m\000e\000n\000t\000a\000t\000i\000o\000n}{section.4.9}% 88
\BOOKMARK [3][-]{subsubsection.4.9.2.1}{\376\377\000T\000e\000s\000t\000e\000D\000e\000t\000e\000c\000t\000o\000r\000C\000o\000n\000s\000t\000r\000u\000c\000t\000i\000o\000n}{subsection.4.9.2}% 89
\BOOKMARK [3][-]{subsubsection.4.9.2.2}{\376\377\000T\000e\000s\000t\000e\000D\000e\000t\000e\000c\000t\000o\000r\000C\000o\000n\000s\000t\000r\000u\000c\000t\000i\000o\000n}{subsection.4.9.2}% 90
\BOOKMARK [2][-]{subsection.4.9.3}{\376\377\000M\000e\000m\000b\000e\000r\000\040\000F\000u\000n\000c\000t\000i\000o\000n\000\040\000D\000o\000c\000u\000m\000e\000n\000t\000a\000t\000i\000o\000n}{section.4.9}% 91
\BOOKMARK [3][-]{subsubsection.4.9.3.1}{\376\377\000C\000o\000n\000s\000t\000r\000u\000c\000t}{subsection.4.9.3}% 92
\BOOKMARK [1][-]{section.4.10}{\376\377\000T\000e\000s\000t\000e\000P\000h\000y\000s\000i\000c\000s\000L\000i\000s\000t\000\040\000C\000l\000a\000s\000s\000\040\000R\000e\000f\000e\000r\000e\000n\000c\000e}{chapter.4}% 93
\BOOKMARK [2][-]{subsection.4.10.1}{\376\377\000D\000e\000t\000a\000i\000l\000e\000d\000\040\000D\000e\000s\000c\000r\000i\000p\000t\000i\000o\000n}{section.4.10}% 94
\BOOKMARK [2][-]{subsection.4.10.2}{\376\377\000C\000o\000n\000s\000t\000r\000u\000c\000t\000o\000r\000\040\000\046\000\040\000D\000e\000s\000t\000r\000u\000c\000t\000o\000r\000\040\000D\000o\000c\000u\000m\000e\000n\000t\000a\000t\000i\000o\000n}{section.4.10}% 95
\BOOKMARK [3][-]{subsubsection.4.10.2.1}{\376\377\000T\000e\000s\000t\000e\000P\000h\000y\000s\000i\000c\000s\000L\000i\000s\000t}{subsection.4.10.2}% 96
\BOOKMARK [3][-]{subsubsection.4.10.2.2}{\376\377\000T\000e\000s\000t\000e\000P\000h\000y\000s\000i\000c\000s\000L\000i\000s\000t}{subsection.4.10.2}% 97
\BOOKMARK [2][-]{subsection.4.10.3}{\376\377\000M\000e\000m\000b\000e\000r\000\040\000F\000u\000n\000c\000t\000i\000o\000n\000\040\000D\000o\000c\000u\000m\000e\000n\000t\000a\000t\000i\000o\000n}{section.4.10}% 98
\BOOKMARK [3][-]{subsubsection.4.10.3.1}{\376\377\000C\000o\000n\000s\000t\000r\000u\000c\000t\000P\000a\000r\000t\000i\000c\000l\000e}{subsection.4.10.3}% 99
\BOOKMARK [3][-]{subsubsection.4.10.3.2}{\376\377\000C\000o\000n\000s\000t\000r\000u\000c\000t\000P\000r\000o\000c\000e\000s\000s}{subsection.4.10.3}% 100
\BOOKMARK [3][-]{subsubsection.4.10.3.3}{\376\377\000S\000e\000t\000C\000u\000t\000s}{subsection.4.10.3}% 101
\BOOKMARK [1][-]{section.4.11}{\376\377\000T\000e\000s\000t\000e\000P\000r\000i\000m\000a\000r\000y\000G\000e\000n\000e\000r\000a\000t\000o\000r\000A\000c\000t\000i\000o\000n\000\040\000C\000l\000a\000s\000s\000\040\000R\000e\000f\000e\000r\000e\000n\000c\000e}{chapter.4}% 102
\BOOKMARK [2][-]{subsection.4.11.1}{\376\377\000D\000e\000t\000a\000i\000l\000e\000d\000\040\000D\000e\000s\000c\000r\000i\000p\000t\000i\000o\000n}{section.4.11}% 103
\BOOKMARK [2][-]{subsection.4.11.2}{\376\377\000C\000o\000n\000s\000t\000r\000u\000c\000t\000o\000r\000\040\000\046\000\040\000D\000e\000s\000t\000r\000u\000c\000t\000o\000r\000\040\000D\000o\000c\000u\000m\000e\000n\000t\000a\000t\000i\000o\000n}{section.4.11}% 104
\BOOKMARK [3][-]{subsubsection.4.11.2.1}{\376\377\000T\000e\000s\000t\000e\000P\000r\000i\000m\000a\000r\000y\000G\000e\000n\000e\000r\000a\000t\000o\000r\000A\000c\000t\000i\000o\000n}{subsection.4.11.2}% 105
\BOOKMARK [3][-]{subsubsection.4.11.2.2}{\376\377\000T\000e\000s\000t\000e\000P\000r\000i\000m\000a\000r\000y\000G\000e\000n\000e\000r\000a\000t\000o\000r\000A\000c\000t\000i\000o\000n}{subsection.4.11.2}% 106
\BOOKMARK [2][-]{subsection.4.11.3}{\376\377\000M\000e\000m\000b\000e\000r\000\040\000F\000u\000n\000c\000t\000i\000o\000n\000\040\000D\000o\000c\000u\000m\000e\000n\000t\000a\000t\000i\000o\000n}{section.4.11}% 107
\BOOKMARK [3][-]{subsubsection.4.11.3.1}{\376\377\000G\000e\000n\000e\000r\000a\000t\000e\000P\000r\000i\000m\000a\000r\000i\000e\000s}{subsection.4.11.3}% 108
\BOOKMARK [1][-]{section.4.12}{\376\377\000T\000e\000s\000t\000e\000U\000s\000e\000r\000R\000u\000n\000A\000c\000t\000i\000o\000n\000\040\000C\000l\000a\000s\000s\000\040\000R\000e\000f\000e\000r\000e\000n\000c\000e}{chapter.4}% 109
\BOOKMARK [2][-]{subsection.4.12.1}{\376\377\000D\000e\000t\000a\000i\000l\000e\000d\000\040\000D\000e\000s\000c\000r\000i\000p\000t\000i\000o\000n}{section.4.12}% 110
\BOOKMARK [2][-]{subsection.4.12.2}{\376\377\000C\000o\000n\000s\000t\000r\000u\000c\000t\000o\000r\000\040\000\046\000\040\000D\000e\000s\000t\000r\000u\000c\000t\000o\000r\000\040\000D\000o\000c\000u\000m\000e\000n\000t\000a\000t\000i\000o\000n}{section.4.12}% 111
\BOOKMARK [3][-]{subsubsection.4.12.2.1}{\376\377\000T\000e\000s\000t\000e\000U\000s\000e\000r\000R\000u\000n\000A\000c\000t\000i\000o\000n}{subsection.4.12.2}% 112
\BOOKMARK [3][-]{subsubsection.4.12.2.2}{\376\377\000T\000e\000s\000t\000e\000U\000s\000e\000r\000R\000u\000n\000A\000c\000t\000i\000o\000n}{subsection.4.12.2}% 113
\BOOKMARK [2][-]{subsection.4.12.3}{\376\377\000M\000e\000m\000b\000e\000r\000\040\000F\000u\000n\000c\000t\000i\000o\000n\000\040\000D\000o\000c\000u\000m\000e\000n\000t\000a\000t\000i\000o\000n}{section.4.12}% 114
\BOOKMARK [3][-]{subsubsection.4.12.3.1}{\376\377\000B\000e\000g\000i\000n\000O\000f\000R\000u\000n\000A\000c\000t\000i\000o\000n}{subsection.4.12.3}% 115
\BOOKMARK [3][-]{subsubsection.4.12.3.2}{\376\377\000E\000n\000d\000O\000f\000R\000u\000n\000A\000c\000t\000i\000o\000n}{subsection.4.12.3}% 116
\BOOKMARK [3][-]{subsubsection.4.12.3.3}{\376\377\000G\000e\000n\000e\000r\000a\000t\000e\000R\000u\000n}{subsection.4.12.3}% 117
\BOOKMARK [0][-]{chapter.5}{\376\377\000F\000i\000l\000e\000\040\000D\000o\000c\000u\000m\000e\000n\000t\000a\000t\000i\000o\000n}{}% 118
\BOOKMARK [1][-]{section.5.1}{\376\377\000D\000e\000t\000e\000c\000t\000o\000r\000C\000o\000n\000s\000t\000r\000u\000c\000t\000i\000o\000n\000.\000c\000c\000\040\000F\000i\000l\000e\000\040\000R\000e\000f\000e\000r\000e\000n\000c\000e}{chapter.5}% 119
\BOOKMARK [1][-]{section.5.2}{\376\377\000D\000e\000t\000e\000c\000t\000o\000r\000C\000o\000n\000s\000t\000r\000u\000c\000t\000i\000o\000n\000.\000h\000h\000\040\000F\000i\000l\000e\000\040\000R\000e\000f\000e\000r\000e\000n\000c\000e}{chapter.5}% 120
\BOOKMARK [1][-]{section.5.3}{\376\377\000G\000e\000a\000n\000t\0004\000M\000a\000s\000t\000e\000r\000D\000i\000s\000s\000e\000r\000t\000a\000t\000i\000o\000n\000S\000i\000m\000u\000l\000a\000t\000i\000o\000n\000.\000c\000c\000\040\000F\000i\000l\000e\000\040\000R\000e\000f\000e\000r\000e\000n\000c\000e}{chapter.5}% 121
\BOOKMARK [2][-]{subsection.5.3.1}{\376\377\000F\000u\000n\000c\000t\000i\000o\000n\000\040\000D\000o\000c\000u\000m\000e\000n\000t\000a\000t\000i\000o\000n}{section.5.3}% 122
\BOOKMARK [3][-]{subsubsection.5.3.1.1}{\376\377\000m\000a\000i\000n}{subsection.5.3.1}% 123
\BOOKMARK [3][-]{subsubsection.5.3.1.2}{\376\377\000s\000e\000t\000u\000p\000U\000I\000P\000r\000o\000g\000r\000a\000m\000a\000t\000i\000c\000a\000l\000l\000y}{subsection.5.3.1}% 124
\BOOKMARK [1][-]{section.5.4}{\376\377\000M\000y\000M\000a\000t\000e\000r\000i\000a\000l\000.\000c\000c\000\040\000F\000i\000l\000e\000\040\000R\000e\000f\000e\000r\000e\000n\000c\000e}{chapter.5}% 125
\BOOKMARK [1][-]{section.5.5}{\376\377\000M\000y\000M\000a\000t\000e\000r\000i\000a\000l\000.\000h\000h\000\040\000F\000i\000l\000e\000\040\000R\000e\000f\000e\000r\000e\000n\000c\000e}{chapter.5}% 126
\BOOKMARK [1][-]{section.5.6}{\376\377\000M\000y\000R\000a\000n\000d\000o\000m\000.\000c\000c\000\040\000F\000i\000l\000e\000\040\000R\000e\000f\000e\000r\000e\000n\000c\000e}{chapter.5}% 127
\BOOKMARK [1][-]{section.5.7}{\376\377\000M\000y\000R\000a\000n\000d\000o\000m\000.\000h\000h\000\040\000F\000i\000l\000e\000\040\000R\000e\000f\000e\000r\000e\000n\000c\000e}{chapter.5}% 128
\BOOKMARK [2][-]{subsection.5.7.1}{\376\377\000M\000a\000c\000r\000o\000\040\000D\000e\000f\000i\000n\000i\000t\000i\000o\000n\000\040\000D\000o\000c\000u\000m\000e\000n\000t\000a\000t\000i\000o\000n}{section.5.7}% 129
\BOOKMARK [3][-]{subsubsection.5.7.1.1}{\376\377\000G\0004\000R\000a\000n\000d\000G\000a\000u\000s\000s}{subsection.5.7.1}% 130
\BOOKMARK [3][-]{subsubsection.5.7.1.2}{\376\377\000G\0004\000U\000n\000i\000f\000o\000r\000m\000R\000a\000n\000d}{subsection.5.7.1}% 131
\BOOKMARK [3][-]{subsubsection.5.7.1.3}{\376\377\000r\000a\000n\000d\000o\000m\000i\000z\000e\000\137\000h}{subsection.5.7.1}% 132
\BOOKMARK [1][-]{section.5.8}{\376\377\000P\000h\000y\000s\000i\000c\000s\000L\000i\000s\000t\000.\000c\000c\000\040\000F\000i\000l\000e\000\040\000R\000e\000f\000e\000r\000e\000n\000c\000e}{chapter.5}% 133
\BOOKMARK [1][-]{section.5.9}{\376\377\000P\000h\000y\000s\000i\000c\000s\000L\000i\000s\000t\000.\000c\000c\000\040\000F\000i\000l\000e\000\040\000R\000e\000f\000e\000r\000e\000n\000c\000e}{chapter.5}% 134
\BOOKMARK [1][-]{section.5.10}{\376\377\000P\000h\000y\000s\000i\000c\000s\000L\000i\000s\000t\000.\000h\000h\000\040\000F\000i\000l\000e\000\040\000R\000e\000f\000e\000r\000e\000n\000c\000e}{chapter.5}% 135
\BOOKMARK [1][-]{section.5.11}{\376\377\000P\000h\000y\000s\000i\000c\000s\000L\000i\000s\000t\000.\000h\000h\000\040\000F\000i\000l\000e\000\040\000R\000e\000f\000e\000r\000e\000n\000c\000e}{chapter.5}% 136
\BOOKMARK [1][-]{section.5.12}{\376\377\000P\000r\000i\000m\000a\000r\000y\000G\000e\000n\000e\000r\000a\000t\000o\000r\000A\000c\000t\000i\000o\000n\000.\000c\000c\000\040\000F\000i\000l\000e\000\040\000R\000e\000f\000e\000r\000e\000n\000c\000e}{chapter.5}% 137
\BOOKMARK [1][-]{section.5.13}{\376\377\000P\000r\000i\000m\000a\000r\000y\000G\000e\000n\000e\000r\000a\000t\000o\000r\000A\000c\000t\000i\000o\000n\000.\000h\000h\000\040\000F\000i\000l\000e\000\040\000R\000e\000f\000e\000r\000e\000n\000c\000e}{chapter.5}% 138
\BOOKMARK [1][-]{section.5.14}{\376\377\000R\000u\000n\000.\000c\000c\000\040\000F\000i\000l\000e\000\040\000R\000e\000f\000e\000r\000e\000n\000c\000e}{chapter.5}% 139
\BOOKMARK [1][-]{section.5.15}{\376\377\000R\000u\000n\000.\000h\000h\000\040\000F\000i\000l\000e\000\040\000R\000e\000f\000e\000r\000e\000n\000c\000e}{chapter.5}% 140
\BOOKMARK [1][-]{section.5.16}{\376\377\000R\000u\000n\000A\000c\000t\000i\000o\000n\000.\000c\000c\000\040\000F\000i\000l\000e\000\040\000R\000e\000f\000e\000r\000e\000n\000c\000e}{chapter.5}% 141
\BOOKMARK [1][-]{section.5.17}{\376\377\000R\000u\000n\000A\000c\000t\000i\000o\000n\000.\000c\000c\000\040\000F\000i\000l\000e\000\040\000R\000e\000f\000e\000r\000e\000n\000c\000e}{chapter.5}% 142
\BOOKMARK [1][-]{section.5.18}{\376\377\000R\000u\000n\000A\000c\000t\000i\000o\000n\000.\000h\000h\000\040\000F\000i\000l\000e\000\040\000R\000e\000f\000e\000r\000e\000n\000c\000e}{chapter.5}% 143
\BOOKMARK [1][-]{section.5.19}{\376\377\000T\000e\000s\000t\000e\000.\000c\000c\000\040\000F\000i\000l\000e\000\040\000R\000e\000f\000e\000r\000e\000n\000c\000e}{chapter.5}% 144
\BOOKMARK [1][-]{section.5.20}{\376\377\000T\000e\000s\000t\000e\000.\000h\000h\000\040\000F\000i\000l\000e\000\040\000R\000e\000f\000e\000r\000e\000n\000c\000e}{chapter.5}% 145
\BOOKMARK [1][-]{section.5.21}{\376\377\000T\000e\000s\000t\000e\000D\000e\000t\000e\000c\000t\000o\000r\000C\000o\000n\000s\000t\000r\000u\000c\000t\000i\000o\000n\000.\000c\000c\000\040\000F\000i\000l\000e\000\040\000R\000e\000f\000e\000r\000e\000n\000c\000e}{chapter.5}% 146
\BOOKMARK [1][-]{section.5.22}{\376\377\000T\000e\000s\000t\000e\000D\000e\000t\000e\000c\000t\000o\000r\000C\000o\000n\000s\000t\000r\000u\000c\000t\000i\000o\000n\000.\000h\000h\000\040\000F\000i\000l\000e\000\040\000R\000e\000f\000e\000r\000e\000n\000c\000e}{chapter.5}% 147
\BOOKMARK [1][-]{section.5.23}{\376\377\000T\000e\000s\000t\000e\000P\000h\000y\000s\000i\000c\000s\000L\000i\000s\000t\000.\000c\000c\000\040\000F\000i\000l\000e\000\040\000R\000e\000f\000e\000r\000e\000n\000c\000e}{chapter.5}% 148
\BOOKMARK [1][-]{section.5.24}{\376\377\000T\000e\000s\000t\000e\000P\000h\000y\000s\000i\000c\000s\000L\000i\000s\000t\000.\000h\000h\000\040\000F\000i\000l\000e\000\040\000R\000e\000f\000e\000r\000e\000n\000c\000e}{chapter.5}% 149
\BOOKMARK [1][-]{section.5.25}{\376\377\000T\000e\000s\000t\000e\000P\000r\000i\000m\000a\000r\000y\000G\000e\000n\000e\000r\000a\000t\000o\000r\000A\000c\000t\000i\000o\000n\000.\000c\000c\000\040\000F\000i\000l\000e\000\040\000R\000e\000f\000e\000r\000e\000n\000c\000e}{chapter.5}% 150
\BOOKMARK [1][-]{section.5.26}{\376\377\000T\000e\000s\000t\000e\000P\000r\000i\000m\000a\000r\000y\000G\000e\000n\000e\000r\000a\000t\000o\000r\000A\000c\000t\000i\000o\000n\000.\000h\000h\000\040\000F\000i\000l\000e\000\040\000R\000e\000f\000e\000r\000e\000n\000c\000e}{chapter.5}% 151
\BOOKMARK [1][-]{section.5.27}{\376\377\000T\000e\000s\000t\000e\000U\000s\000e\000r\000R\000u\000n\000A\000c\000t\000i\000o\000n\000.\000c\000c\000\040\000F\000i\000l\000e\000\040\000R\000e\000f\000e\000r\000e\000n\000c\000e}{chapter.5}% 152
\BOOKMARK [1][-]{section.5.28}{\376\377\000T\000e\000s\000t\000e\000U\000s\000e\000r\000R\000u\000n\000A\000c\000t\000i\000o\000n\000.\000h\000h\000\040\000F\000i\000l\000e\000\040\000R\000e\000f\000e\000r\000e\000n\000c\000e}{chapter.5}% 153
\BOOKMARK [-1][-]{section*.31}{\376\377\000I\000n\000d\000e\000x}{}% 154
